Caching disabled explicitly for extract.

Step extract has started.

Failed to run step extract.

Cannot find primary config 'data_version'. Check that it's in your config search path.

Config search path:
	provider=hydra, path=pkg://hydra.conf
	provider=main, path=file:///Users/Sofa/Desktop/Innopolis/MLOps/ApartmentPrice/configs
	provider=schema, path=structured://
Traceback (most recent call last):
  File "/opt/homebrew/anaconda3/envs/mlops_9/lib/python3.11/site-packages/zenml/orchestrators/step_launcher.py", line 230, in launch
    self._run_step(
  File "/opt/homebrew/anaconda3/envs/mlops_9/lib/python3.11/site-packages/zenml/orchestrators/step_launcher.py", line 460, in _run_step
    self._run_step_without_step_operator(
  File "/opt/homebrew/anaconda3/envs/mlops_9/lib/python3.11/site-packages/zenml/orchestrators/step_launcher.py", line 535, in _run_step_without_step_operator
    runner.run(
  File "/opt/homebrew/anaconda3/envs/mlops_9/lib/python3.11/site-packages/zenml/orchestrators/step_runner.py", line 199, in run
    return_values = step_instance.call_entrypoint(
                    ^^^^^^^^^^^^^^^^^^^^^^^^^^^^^^
  File "/opt/homebrew/anaconda3/envs/mlops_9/lib/python3.11/site-packages/zenml/steps/base_step.py", line 606, in call_entrypoint
    return self.entrypoint(**validated_args)
           ^^^^^^^^^^^^^^^^^^^^^^^^^^^^^^^^^
  File "/Users/Sofa/Desktop/Innopolis/MLOps/ApartmentPrice/services/airflow/dags/data_prepare.py", line 24, in extract
    df, version = read_datastore()
                  ^^^^^^^^^^^^^^^^
  File "/Users/Sofa/Desktop/Innopolis/MLOps/ApartmentPrice/src/data.py", line 52, in read_datastore
    cfg = compose(config_name="data_version")
          ^^^^^^^^^^^^^^^^^^^^^^^^^^^^^^^^^^^
  File "/opt/homebrew/anaconda3/envs/mlops_9/lib/python3.11/site-packages/hydra/compose.py", line 38, in compose
    cfg = gh.hydra.compose_config(
          ^^^^^^^^^^^^^^^^^^^^^^^^
  File "/opt/homebrew/anaconda3/envs/mlops_9/lib/python3.11/site-packages/hydra/_internal/hydra.py", line 594, in compose_config
    cfg = self.config_loader.load_configuration(
          ^^^^^^^^^^^^^^^^^^^^^^^^^^^^^^^^^^^^^^
  File "/opt/homebrew/anaconda3/envs/mlops_9/lib/python3.11/site-packages/hydra/_internal/config_loader_impl.py", line 142, in load_configuration
    return self._load_configuration_impl(
           ^^^^^^^^^^^^^^^^^^^^^^^^^^^^^^
  File "/opt/homebrew/anaconda3/envs/mlops_9/lib/python3.11/site-packages/hydra/_internal/config_loader_impl.py", line 253, in _load_configuration_impl
    defaults_list = create_defaults_list(
                    ^^^^^^^^^^^^^^^^^^^^^
  File "/opt/homebrew/anaconda3/envs/mlops_9/lib/python3.11/site-packages/hydra/_internal/defaults_list.py", line 745, in create_defaults_list
    defaults, tree = _create_defaults_list(
                     ^^^^^^^^^^^^^^^^^^^^^^
  File "/opt/homebrew/anaconda3/envs/mlops_9/lib/python3.11/site-packages/hydra/_internal/defaults_list.py", line 715, in _create_defaults_list
    defaults_tree = _create_defaults_tree(
                    ^^^^^^^^^^^^^^^^^^^^^^
  File "/opt/homebrew/anaconda3/envs/mlops_9/lib/python3.11/site-packages/hydra/_internal/defaults_list.py", line 356, in _create_defaults_tree
    ret = _create_defaults_tree_impl(
          ^^^^^^^^^^^^^^^^^^^^^^^^^^^
  File "/opt/homebrew/anaconda3/envs/mlops_9/lib/python3.11/site-packages/hydra/_internal/defaults_list.py", line 457, in _create_defaults_tree_impl
    return _expand_virtual_root(repo, root, overrides, skip_missing)
           ^^^^^^^^^^^^^^^^^^^^^^^^^^^^^^^^^^^^^^^^^^^^^^^^^^^^^^^^^
  File "/opt/homebrew/anaconda3/envs/mlops_9/lib/python3.11/site-packages/hydra/_internal/defaults_list.py", line 280, in _expand_virtual_root
    subtree = _create_defaults_tree_impl(
              ^^^^^^^^^^^^^^^^^^^^^^^^^^^
  File "/opt/homebrew/anaconda3/envs/mlops_9/lib/python3.11/site-packages/hydra/_internal/defaults_list.py", line 464, in _create_defaults_tree_impl
    config_not_found_error(repo=repo, tree=root)
  File "/opt/homebrew/anaconda3/envs/mlops_9/lib/python3.11/site-packages/hydra/_internal/defaults_list.py", line 799, in config_not_found_error
    raise MissingConfigException(
hydra.errors.MissingConfigException: Cannot find primary config 'data_version'. Check that it's in your config search path.

Config search path:
	provider=hydra, path=pkg://hydra.conf
	provider=main, path=file:///Users/Sofa/Desktop/Innopolis/MLOps/ApartmentPrice/configs
	provider=schema, path=structured://

