Caching disabled explicitly for transform.

Step transform has started.

By default, the PandasMaterializer stores data as a .csv file. If you want to store data more efficiently, you can install pyarrow by running 'pip install pyarrow'. This will allow PandasMaterializer to automatically store the data as a .parquet file instead.

/opt/homebrew/anaconda3/envs/mlops_9/lib/python3.11/site-packages/zenml/materializers/pandas_materializer.py:94: UserWarning: Could not infer format, so each element will be parsed individually, falling back to dateutil. To ensure parsing is consistent and as-expected, please specify a format.
  df = pd.read_csv(f, index_col=0, parse_dates=True)


collecting all words and their counts

PROGRESS: at sentence #0, processed 0 words, keeping 0 word types

PROGRESS: at sentence #10000, processed 46432 words, keeping 320 word types

collected 320 word types from a corpus of 58294 raw words and 12562 sentences

Creating a fresh vocabulary

Word2Vec lifecycle event {'msg': 'effective_min_count=1 retains 320 unique words (100.00% of original 320, drops 0)', 'datetime': '2024-07-20T01:52:46.978759', 'gensim': '4.3.2', 'python': '3.11.9 (main, Apr 19 2024, 11:43:47) [Clang 14.0.6 ]', 'platform': 'macOS-14.5-arm64-arm-64bit', 'event': 'prepare_vocab'}

Word2Vec lifecycle event {'msg': 'effective_min_count=1 leaves 58294 word corpus (100.00% of original 58294, drops 0)', 'datetime': '2024-07-20T01:52:46.978867', 'gensim': '4.3.2', 'python': '3.11.9 (main, Apr 19 2024, 11:43:47) [Clang 14.0.6 ]', 'platform': 'macOS-14.5-arm64-arm-64bit', 'event': 'prepare_vocab'}

deleting the raw counts dictionary of 320 items

sample=0.001 downsamples 79 most-common words

Word2Vec lifecycle event {'msg': 'downsampling leaves estimated 30361.279602895538 word corpus (52.1%% of prior 58294)', 'datetime': '2024-07-20T01:52:46.980296', 'gensim': '4.3.2', 'python': '3.11.9 (main, Apr 19 2024, 11:43:47) [Clang 14.0.6 ]', 'platform': 'macOS-14.5-arm64-arm-64bit', 'event': 'prepare_vocab'}

estimated required memory for 320 words and 10 dimensions: 185600 bytes

resetting layer weights

Word2Vec lifecycle event {'update': False, 'trim_rule': 'None', 'datetime': '2024-07-20T01:52:46.981944', 'gensim': '4.3.2', 'python': '3.11.9 (main, Apr 19 2024, 11:43:47) [Clang 14.0.6 ]', 'platform': 'macOS-14.5-arm64-arm-64bit', 'event': 'build_vocab'}

Word2Vec lifecycle event {'msg': 'training model with 4 workers on 320 vocabulary and 10 features, using sg=0 hs=0 sample=0.001 negative=5 window=5 shrink_windows=True', 'datetime': '2024-07-20T01:52:46.982044', 'gensim': '4.3.2', 'python': '3.11.9 (main, Apr 19 2024, 11:43:47) [Clang 14.0.6 ]', 'platform': 'macOS-14.5-arm64-arm-64bit', 'event': 'train'}

EPOCH 0: training on 58294 raw words (30311 effective words) took 0.0s, 1641149 effective words/s

EPOCH 1: training on 58294 raw words (30454 effective words) took 0.0s, 1615958 effective words/s

EPOCH 2: training on 58294 raw words (30589 effective words) took 0.0s, 1647726 effective words/s

EPOCH 3: training on 58294 raw words (30524 effective words) took 0.0s, 1644332 effective words/s

EPOCH 4: training on 58294 raw words (30373 effective words) took 0.0s, 1255338 effective words/s

Word2Vec lifecycle event {'msg': 'training on 291470 raw words (152251 effective words) took 0.1s, 1340310 effective words/s', 'datetime': '2024-07-20T01:52:47.095741', 'gensim': '4.3.2', 'python': '3.11.9 (main, Apr 19 2024, 11:43:47) [Clang 14.0.6 ]', 'platform': 'macOS-14.5-arm64-arm-64bit', 'event': 'train'}

Word2Vec lifecycle event {'params': 'Word2Vec<vocab=320, vector_size=10, alpha=0.025>', 'datetime': '2024-07-20T01:52:47.095896', 'gensim': '4.3.2', 'python': '3.11.9 (main, Apr 19 2024, 11:43:47) [Clang 14.0.6 ]', 'platform': 'macOS-14.5-arm64-arm-64bit', 'event': 'created'}

collecting all words and their counts

PROGRESS: at sentence #0, processed 0 words, keeping 0 word types

PROGRESS: at sentence #10000, processed 19145 words, keeping 3477 word types

collected 3790 word types from a corpus of 24075 raw words and 12562 sentences

Creating a fresh vocabulary

Word2Vec lifecycle event {'msg': 'effective_min_count=1 retains 3790 unique words (100.00% of original 3790, drops 0)', 'datetime': '2024-07-20T01:52:47.297609', 'gensim': '4.3.2', 'python': '3.11.9 (main, Apr 19 2024, 11:43:47) [Clang 14.0.6 ]', 'platform': 'macOS-14.5-arm64-arm-64bit', 'event': 'prepare_vocab'}

Word2Vec lifecycle event {'msg': 'effective_min_count=1 leaves 24075 word corpus (100.00% of original 24075, drops 0)', 'datetime': '2024-07-20T01:52:47.297857', 'gensim': '4.3.2', 'python': '3.11.9 (main, Apr 19 2024, 11:43:47) [Clang 14.0.6 ]', 'platform': 'macOS-14.5-arm64-arm-64bit', 'event': 'prepare_vocab'}

deleting the raw counts dictionary of 3790 items

sample=0.001 downsamples 57 most-common words

Word2Vec lifecycle event {'msg': 'downsampling leaves estimated 21626.328701985825 word corpus (89.8%% of prior 24075)', 'datetime': '2024-07-20T01:52:47.310269', 'gensim': '4.3.2', 'python': '3.11.9 (main, Apr 19 2024, 11:43:47) [Clang 14.0.6 ]', 'platform': 'macOS-14.5-arm64-arm-64bit', 'event': 'prepare_vocab'}

estimated required memory for 3790 words and 2 dimensions: 1955640 bytes

resetting layer weights

Word2Vec lifecycle event {'update': False, 'trim_rule': 'None', 'datetime': '2024-07-20T01:52:47.324533', 'gensim': '4.3.2', 'python': '3.11.9 (main, Apr 19 2024, 11:43:47) [Clang 14.0.6 ]', 'platform': 'macOS-14.5-arm64-arm-64bit', 'event': 'build_vocab'}

Word2Vec lifecycle event {'msg': 'training model with 4 workers on 3790 vocabulary and 2 features, using sg=0 hs=0 sample=0.001 negative=5 window=5 shrink_windows=True', 'datetime': '2024-07-20T01:52:47.324632', 'gensim': '4.3.2', 'python': '3.11.9 (main, Apr 19 2024, 11:43:47) [Clang 14.0.6 ]', 'platform': 'macOS-14.5-arm64-arm-64bit', 'event': 'train'}

EPOCH 0: training on 24075 raw words (21629 effective words) took 0.0s, 1419358 effective words/s

EPOCH 1: training on 24075 raw words (21592 effective words) took 0.0s, 4612526 effective words/s

EPOCH 2: training on 24075 raw words (21670 effective words) took 0.0s, 2269744 effective words/s

EPOCH 3: training on 24075 raw words (21565 effective words) took 0.0s, 1422779 effective words/s

EPOCH 4: training on 24075 raw words (21612 effective words) took 0.0s, 1416820 effective words/s

Word2Vec lifecycle event {'msg': 'training on 120375 raw words (108068 effective words) took 0.1s, 1300506 effective words/s', 'datetime': '2024-07-20T01:52:47.407810', 'gensim': '4.3.2', 'python': '3.11.9 (main, Apr 19 2024, 11:43:47) [Clang 14.0.6 ]', 'platform': 'macOS-14.5-arm64-arm-64bit', 'event': 'train'}

Word2Vec lifecycle event {'params': 'Word2Vec<vocab=3790, vector_size=2, alpha=0.025>', 'datetime': '2024-07-20T01:52:47.407999', 'gensim': '4.3.2', 'python': '3.11.9 (main, Apr 19 2024, 11:43:47) [Clang 14.0.6 ]', 'platform': 'macOS-14.5-arm64-arm-64bit', 'event': 'created'}

collecting all words and their counts

PROGRESS: at sentence #0, processed 0 words, keeping 0 word types

PROGRESS: at sentence #10000, processed 46432 words, keeping 320 word types

collected 320 word types from a corpus of 58294 raw words and 12562 sentences

Creating a fresh vocabulary

Word2Vec lifecycle event {'msg': 'effective_min_count=1 retains 320 unique words (100.00% of original 320, drops 0)', 'datetime': '2024-07-20T01:52:47.647278', 'gensim': '4.3.2', 'python': '3.11.9 (main, Apr 19 2024, 11:43:47) [Clang 14.0.6 ]', 'platform': 'macOS-14.5-arm64-arm-64bit', 'event': 'prepare_vocab'}

Word2Vec lifecycle event {'msg': 'effective_min_count=1 leaves 58294 word corpus (100.00% of original 58294, drops 0)', 'datetime': '2024-07-20T01:52:47.647385', 'gensim': '4.3.2', 'python': '3.11.9 (main, Apr 19 2024, 11:43:47) [Clang 14.0.6 ]', 'platform': 'macOS-14.5-arm64-arm-64bit', 'event': 'prepare_vocab'}

deleting the raw counts dictionary of 320 items

sample=0.001 downsamples 79 most-common words

Word2Vec lifecycle event {'msg': 'downsampling leaves estimated 30361.279602895538 word corpus (52.1%% of prior 58294)', 'datetime': '2024-07-20T01:52:47.648674', 'gensim': '4.3.2', 'python': '3.11.9 (main, Apr 19 2024, 11:43:47) [Clang 14.0.6 ]', 'platform': 'macOS-14.5-arm64-arm-64bit', 'event': 'prepare_vocab'}

estimated required memory for 320 words and 3 dimensions: 167680 bytes

resetting layer weights

Word2Vec lifecycle event {'update': False, 'trim_rule': 'None', 'datetime': '2024-07-20T01:52:47.650324', 'gensim': '4.3.2', 'python': '3.11.9 (main, Apr 19 2024, 11:43:47) [Clang 14.0.6 ]', 'platform': 'macOS-14.5-arm64-arm-64bit', 'event': 'build_vocab'}

Word2Vec lifecycle event {'msg': 'training model with 4 workers on 320 vocabulary and 3 features, using sg=0 hs=0 sample=0.001 negative=5 window=5 shrink_windows=True', 'datetime': '2024-07-20T01:52:47.650424', 'gensim': '4.3.2', 'python': '3.11.9 (main, Apr 19 2024, 11:43:47) [Clang 14.0.6 ]', 'platform': 'macOS-14.5-arm64-arm-64bit', 'event': 'train'}

EPOCH 0: training on 58294 raw words (30396 effective words) took 0.0s, 1721604 effective words/s

EPOCH 1: training on 58294 raw words (30454 effective words) took 0.0s, 2467509 effective words/s

EPOCH 2: training on 58294 raw words (30323 effective words) took 0.0s, 1692832 effective words/s

EPOCH 3: training on 58294 raw words (30396 effective words) took 0.0s, 2675341 effective words/s

EPOCH 4: training on 58294 raw words (30331 effective words) took 0.0s, 2636341 effective words/s

Word2Vec lifecycle event {'msg': 'training on 291470 raw words (151900 effective words) took 0.1s, 1570363 effective words/s', 'datetime': '2024-07-20T01:52:47.747231', 'gensim': '4.3.2', 'python': '3.11.9 (main, Apr 19 2024, 11:43:47) [Clang 14.0.6 ]', 'platform': 'macOS-14.5-arm64-arm-64bit', 'event': 'train'}

Word2Vec lifecycle event {'params': 'Word2Vec<vocab=320, vector_size=3, alpha=0.025>', 'datetime': '2024-07-20T01:52:47.747391', 'gensim': '4.3.2', 'python': '3.11.9 (main, Apr 19 2024, 11:43:47) [Clang 14.0.6 ]', 'platform': 'macOS-14.5-arm64-arm-64bit', 'event': 'created'}

['clean_string_col_vector', 'clean_description_col_vector', 'clean_rn_col_vector']
By default, the PandasMaterializer stores data as a .csv file. If you want to store data more efficiently, you can install pyarrow by running 'pip install pyarrow'. This will allow PandasMaterializer to automatically store the data as a .parquet file instead.

By default, the PandasMaterializer stores data as a .csv file. If you want to store data more efficiently, you can install pyarrow by running 'pip install pyarrow'. This will allow PandasMaterializer to automatically store the data as a .parquet file instead.

Step transform has finished in 2.431s.

