Caching disabled explicitly for transform.

Step transform has started.

By default, the PandasMaterializer stores data as a .csv file. If you want to store data more efficiently, you can install pyarrow by running 'pip install pyarrow'. This will allow PandasMaterializer to automatically store the data as a .parquet file instead.

/opt/homebrew/anaconda3/envs/mlops_9/lib/python3.11/site-packages/zenml/materializers/pandas_materializer.py:94: UserWarning: Could not infer format, so each element will be parsed individually, falling back to dateutil. To ensure parsing is consistent and as-expected, please specify a format.
  df = pd.read_csv(f, index_col=0, parse_dates=True)


Failed to run step transform.

'Series' object has no attribute 'split'
Traceback (most recent call last):
  File "/opt/homebrew/anaconda3/envs/mlops_9/lib/python3.11/site-packages/zenml/orchestrators/step_launcher.py", line 230, in launch
    self._run_step(
  File "/opt/homebrew/anaconda3/envs/mlops_9/lib/python3.11/site-packages/zenml/orchestrators/step_launcher.py", line 460, in _run_step
    self._run_step_without_step_operator(
  File "/opt/homebrew/anaconda3/envs/mlops_9/lib/python3.11/site-packages/zenml/orchestrators/step_launcher.py", line 535, in _run_step_without_step_operator
    runner.run(
  File "/opt/homebrew/anaconda3/envs/mlops_9/lib/python3.11/site-packages/zenml/orchestrators/step_runner.py", line 199, in run
    return_values = step_instance.call_entrypoint(
                    ^^^^^^^^^^^^^^^^^^^^^^^^^^^^^^
  File "/opt/homebrew/anaconda3/envs/mlops_9/lib/python3.11/site-packages/zenml/steps/base_step.py", line 606, in call_entrypoint
    return self.entrypoint(**validated_args)
           ^^^^^^^^^^^^^^^^^^^^^^^^^^^^^^^^^
  File "/Users/Sofa/Desktop/Innopolis/MLOps/ApartmentPrice/services/airflow/dags/data_prepare.py", line 39, in transform
    X, y = preprocess_data(df)
           ^^^^^^^^^^^^^^^^^^^
  File "/Users/Sofa/Desktop/Innopolis/MLOps/ApartmentPrice/src/data.py", line 126, in preprocess_data
    df[clean_rn_col] = df[clean_rn_col].apply(clean_rn).str.lower()
                       ^^^^^^^^^^^^^^^^^^^^^^^^^^^^^^^^
  File "/opt/homebrew/anaconda3/envs/mlops_9/lib/python3.11/site-packages/pandas/core/frame.py", line 10374, in apply
    return op.apply().__finalize__(self, method="apply")
           ^^^^^^^^^^
  File "/opt/homebrew/anaconda3/envs/mlops_9/lib/python3.11/site-packages/pandas/core/apply.py", line 916, in apply
    return self.apply_standard()
           ^^^^^^^^^^^^^^^^^^^^^
  File "/opt/homebrew/anaconda3/envs/mlops_9/lib/python3.11/site-packages/pandas/core/apply.py", line 1063, in apply_standard
    results, res_index = self.apply_series_generator()
                         ^^^^^^^^^^^^^^^^^^^^^^^^^^^^^
  File "/opt/homebrew/anaconda3/envs/mlops_9/lib/python3.11/site-packages/pandas/core/apply.py", line 1081, in apply_series_generator
    results[i] = self.func(v, *self.args, **self.kwargs)
                 ^^^^^^^^^^^^^^^^^^^^^^^^^^^^^^^^^^^^^^^
  File "/Users/Sofa/Desktop/Innopolis/MLOps/ApartmentPrice/src/data.py", line 80, in clean_rn
    cleaned_address = ' '.join(cleaned_address.split())
                               ^^^^^^^^^^^^^^^^^^^^^
  File "/opt/homebrew/anaconda3/envs/mlops_9/lib/python3.11/site-packages/pandas/core/generic.py", line 6299, in __getattr__
    return object.__getattribute__(self, name)
           ^^^^^^^^^^^^^^^^^^^^^^^^^^^^^^^^^^^
AttributeError: 'Series' object has no attribute 'split'

