Caching disabled explicitly for transform.

Step transform has started.

By default, the PandasMaterializer stores data as a .csv file. If you want to store data more efficiently, you can install pyarrow by running 'pip install pyarrow'. This will allow PandasMaterializer to automatically store the data as a .parquet file instead.

/opt/homebrew/anaconda3/envs/mlops_9/lib/python3.11/site-packages/zenml/materializers/pandas_materializer.py:94: UserWarning: Could not infer format, so each element will be parsed individually, falling back to dateutil. To ensure parsing is consistent and as-expected, please specify a format.
  df = pd.read_csv(f, index_col=0, parse_dates=True)


Price                         0
Beds                          0
Baths                         0
sq.ft                         0
Floor                         0
Move_in_date                172
Day_Recorded                  0
Amenity                     509
Address                       0
City                          0
Units                         0
Northern_Exposure           509
Southern_Exposure           509
Eastern_Exposure            509
Western_Exposure            509
Balcony                     509
Walk_In_Closet              509
Fireplace                   509
City_Skyline                509
Kitchen_Island              509
Stainless_Appliances        509
Renovated                   509
Office_Space                509
Days_Till_Available         172
Day_of_the_week_recorded      0
Unique_ID                   167
Estiamted_Vacancy             0
dtype: int64
Failed to run step transform.

to assemble mappings requires at least that [year, month, day] be specified: [day,month,year] is missing
Traceback (most recent call last):
  File "/opt/homebrew/anaconda3/envs/mlops_9/lib/python3.11/site-packages/zenml/orchestrators/step_launcher.py", line 230, in launch
    self._run_step(
  File "/opt/homebrew/anaconda3/envs/mlops_9/lib/python3.11/site-packages/zenml/orchestrators/step_launcher.py", line 460, in _run_step
    self._run_step_without_step_operator(
  File "/opt/homebrew/anaconda3/envs/mlops_9/lib/python3.11/site-packages/zenml/orchestrators/step_launcher.py", line 535, in _run_step_without_step_operator
    runner.run(
  File "/opt/homebrew/anaconda3/envs/mlops_9/lib/python3.11/site-packages/zenml/orchestrators/step_runner.py", line 199, in run
    return_values = step_instance.call_entrypoint(
                    ^^^^^^^^^^^^^^^^^^^^^^^^^^^^^^
  File "/opt/homebrew/anaconda3/envs/mlops_9/lib/python3.11/site-packages/zenml/steps/base_step.py", line 606, in call_entrypoint
    return self.entrypoint(**validated_args)
           ^^^^^^^^^^^^^^^^^^^^^^^^^^^^^^^^^
  File "/Users/Sofa/Desktop/Innopolis/MLOps/ApartmentPrice/services/airflow/dags/data_prepare.py", line 39, in transform
    X, y = preprocess_data(df)
           ^^^^^^^^^^^^^^^^^^^
  File "/Users/Sofa/Desktop/Innopolis/MLOps/ApartmentPrice/src/data.py", line 166, in preprocess_data
    df[todatetime_col] = pd.to_datetime(df[todatetime_col])
                         ^^^^^^^^^^^^^^^^^^^^^^^^^^^^^^^^^^
  File "/opt/homebrew/anaconda3/envs/mlops_9/lib/python3.11/site-packages/pandas/core/tools/datetimes.py", line 1070, in to_datetime
    result = _assemble_from_unit_mappings(arg, errors, utc)
             ^^^^^^^^^^^^^^^^^^^^^^^^^^^^^^^^^^^^^^^^^^^^^^
  File "/opt/homebrew/anaconda3/envs/mlops_9/lib/python3.11/site-packages/pandas/core/tools/datetimes.py", line 1186, in _assemble_from_unit_mappings
    raise ValueError(
ValueError: to assemble mappings requires at least that [year, month, day] be specified: [day,month,year] is missing

